<?xml version="1.0" encoding="UTF-8"?>
<!-- Generated by org.testng.reporters.JUnitReportReporter -->
<testsuite hostname="L34481WIN" name="com.facebook.pagefactory.testcases.ChangePasswordTest" tests="1" failures="0" timestamp="21 Mar 2020 19:39:53 GMT" time="37.836" errors="0">
  <testcase name="ChangePassword" time="37.836" classname="com.facebook.pagefactory.testcases.ChangePasswordTest"/>
</testsuite> <!-- com.facebook.pagefactory.testcases.ChangePasswordTest -->
