<?xml version="1.0" encoding="UTF-8"?>
<testsuite xmlns:xsi="http://www.w3.org/2001/XMLSchema-instance" xsi:noNamespaceSchemaLocation="https://maven.apache.org/surefire/maven-surefire-plugin/xsd/surefire-test-report.xsd" name="TestSuite" time="36.882" tests="5" errors="0" skipped="2" failures="2">
  <properties>
    <property name="sun.desktop" value="windows"/>
    <property name="awt.toolkit" value="sun.awt.windows.WToolkit"/>
    <property name="file.encoding.pkg" value="sun.io"/>
    <property name="java.specification.version" value="1.8"/>
    <property name="sun.cpu.isalist" value="amd64"/>
    <property name="sun.jnu.encoding" value="Cp1252"/>
    <property name="java.class.path" value="C:\Users\ghorh\eclipse-workspace\PageObjectModel_WithPageFactory\target\test-classes;C:\Users\ghorh\eclipse-workspace\PageObjectModel_WithPageFactory\target\classes;C:\Users\ghorh\.m2\repository\junit\junit\4.11\junit-4.11.jar;C:\Users\ghorh\.m2\repository\org\hamcrest\hamcrest-core\1.3\hamcrest-core-1.3.jar;C:\Users\ghorh\.m2\repository\org\apache\poi\poi\3.6\poi-3.6.jar;C:\Users\ghorh\.m2\repository\commons-logging\commons-logging\1.1\commons-logging-1.1.jar;C:\Users\ghorh\.m2\repository\logkit\logkit\1.0.1\logkit-1.0.1.jar;C:\Users\ghorh\.m2\repository\avalon-framework\avalon-framework\4.1.3\avalon-framework-4.1.3.jar;C:\Users\ghorh\.m2\repository\javax\servlet\servlet-api\2.3\servlet-api-2.3.jar;C:\Users\ghorh\.m2\repository\log4j\log4j\1.2.13\log4j-1.2.13.jar;C:\Users\ghorh\.m2\repository\org\apache\poi\poi-ooxml\3.6\poi-ooxml-3.6.jar;C:\Users\ghorh\.m2\repository\org\apache\poi\poi-ooxml-schemas\3.6\poi-ooxml-schemas-3.6.jar;C:\Users\ghorh\.m2\repository\org\apache\geronimo\specs\geronimo-stax-api_1.0_spec\1.0\geronimo-stax-api_1.0_spec-1.0.jar;C:\Users\ghorh\.m2\repository\dom4j\dom4j\1.1\dom4j-1.1.jar;C:\Users\ghorh\.m2\repository\org\apache\xmlbeans\xmlbeans\2.3.0\xmlbeans-2.3.0.jar;C:\Users\ghorh\.m2\repository\stax\stax-api\1.0.1\stax-api-1.0.1.jar;C:\Users\ghorh\.m2\repository\org\seleniumhq\selenium\selenium-java\2.53.0\selenium-java-2.53.0.jar;C:\Users\ghorh\.m2\repository\org\seleniumhq\selenium\selenium-chrome-driver\2.53.0\selenium-chrome-driver-2.53.0.jar;C:\Users\ghorh\.m2\repository\org\seleniumhq\selenium\selenium-remote-driver\2.53.0\selenium-remote-driver-2.53.0.jar;C:\Users\ghorh\.m2\repository\cglib\cglib-nodep\2.1_3\cglib-nodep-2.1_3.jar;C:\Users\ghorh\.m2\repository\org\seleniumhq\selenium\selenium-api\2.53.0\selenium-api-2.53.0.jar;C:\Users\ghorh\.m2\repository\org\seleniumhq\selenium\selenium-edge-driver\2.53.0\selenium-edge-driver-2.53.0.jar;C:\Users\ghorh\.m2\repository\commons-io\commons-io\2.4\commons-io-2.4.jar;C:\Users\ghorh\.m2\repository\org\apache\commons\commons-exec\1.3\commons-exec-1.3.jar;C:\Users\ghorh\.m2\repository\org\seleniumhq\selenium\selenium-firefox-driver\2.53.0\selenium-firefox-driver-2.53.0.jar;C:\Users\ghorh\.m2\repository\org\seleniumhq\selenium\selenium-ie-driver\2.53.0\selenium-ie-driver-2.53.0.jar;C:\Users\ghorh\.m2\repository\net\java\dev\jna\jna\4.1.0\jna-4.1.0.jar;C:\Users\ghorh\.m2\repository\net\java\dev\jna\jna-platform\4.1.0\jna-platform-4.1.0.jar;C:\Users\ghorh\.m2\repository\org\seleniumhq\selenium\selenium-safari-driver\2.53.0\selenium-safari-driver-2.53.0.jar;C:\Users\ghorh\.m2\repository\io\netty\netty\3.5.7.Final\netty-3.5.7.Final.jar;C:\Users\ghorh\.m2\repository\org\seleniumhq\selenium\selenium-support\2.53.0\selenium-support-2.53.0.jar;C:\Users\ghorh\.m2\repository\org\seleniumhq\selenium\selenium-leg-rc\2.53.0\selenium-leg-rc-2.53.0.jar;C:\Users\ghorh\.m2\repository\com\relevantcodes\extentreports\2.40.1\extentreports-2.40.1.jar;C:\Users\ghorh\.m2\repository\org\jsoup\jsoup\1.8.3\jsoup-1.8.3.jar;C:\Users\ghorh\.m2\repository\org\xerial\sqlite-jdbc\3.8.11.1\sqlite-jdbc-3.8.11.1.jar;C:\Users\ghorh\.m2\repository\org\freemarker\freemarker\2.3.23\freemarker-2.3.23.jar;C:\Users\ghorh\.m2\repository\org\testng\testng\6.9.6\testng-6.9.6.jar;C:\Users\ghorh\.m2\repository\com\google\inject\guice\4.0\guice-4.0-no_aop.jar;C:\Users\ghorh\.m2\repository\javax\inject\javax.inject\1\javax.inject-1.jar;C:\Users\ghorh\.m2\repository\aopalliance\aopalliance\1.0\aopalliance-1.0.jar;C:\Users\ghorh\.m2\repository\org\beanshell\bsh\2.0b4\bsh-2.0b4.jar;C:\Users\ghorh\.m2\repository\org\apache\ant\ant\1.7.0\ant-1.7.0.jar;C:\Users\ghorh\.m2\repository\org\apache\ant\ant-launcher\1.7.0\ant-launcher-1.7.0.jar;C:\Users\ghorh\.m2\repository\com\beust\jcommander\1.48\jcommander-1.48.jar;C:\Users\ghorh\.m2\repository\org\yaml\snakeyaml\1.15\snakeyaml-1.15.jar;C:\Users\ghorh\.m2\repository\io\appium\java-client\3.3.0\java-client-3.3.0.jar;C:\Users\ghorh\.m2\repository\com\google\code\gson\gson\2.2.4\gson-2.2.4.jar;C:\Users\ghorh\.m2\repository\org\apache\httpcomponents\httpclient\4.3.3\httpclient-4.3.3.jar;C:\Users\ghorh\.m2\repository\org\apache\httpcomponents\httpcore\4.3.2\httpcore-4.3.2.jar;C:\Users\ghorh\.m2\repository\commons-codec\commons-codec\1.6\commons-codec-1.6.jar;C:\Users\ghorh\.m2\repository\com\google\guava\guava\17.0\guava-17.0.jar;C:\Users\ghorh\.m2\repository\cglib\cglib\3.1\cglib-3.1.jar;C:\Users\ghorh\.m2\repository\org\ow2\asm\asm\4.2\asm-4.2.jar;C:\Users\ghorh\.m2\repository\commons-validator\commons-validator\1.4.1\commons-validator-1.4.1.jar;C:\Users\ghorh\.m2\repository\commons-beanutils\commons-beanutils\1.8.3\commons-beanutils-1.8.3.jar;C:\Users\ghorh\.m2\repository\commons-digester\commons-digester\1.8.1\commons-digester-1.8.1.jar;C:\Users\ghorh\.m2\repository\commons-collections\commons-collections\3.2.1\commons-collections-3.2.1.jar;C:\Users\ghorh\.m2\repository\javax\mail\mail\1.4\mail-1.4.jar;C:\Users\ghorh\.m2\repository\javax\activation\activation\1.1\activation-1.1.jar;"/>
    <property name="java.vm.vendor" value="Oracle Corporation"/>
    <property name="sun.arch.data.model" value="64"/>
    <property name="user.variant" value=""/>
    <property name="java.vendor.url" value="http://java.oracle.com/"/>
    <property name="user.timezone" value="Asia/Calcutta"/>
    <property name="java.vm.specification.version" value="1.8"/>
    <property name="os.name" value="Windows 10"/>
    <property name="user.country" value="US"/>
    <property name="sun.java.launcher" value="SUN_STANDARD"/>
    <property name="sun.boot.library.path" value="C:\Program Files\Java\jdk1.8.0_202\jre\bin"/>
    <property name="sun.java.command" value="C:\Users\ghorh\AppData\Local\Temp\surefire6129482298360598257\surefirebooter6268186135349794456.jar C:\Users\ghorh\AppData\Local\Temp\surefire6129482298360598257 2020-03-22T01-00-27_296-jvmRun1 surefire8547482253640983926tmp surefire_05046858004737572084tmp"/>
    <property name="surefire.test.class.path" value="C:\Users\ghorh\eclipse-workspace\PageObjectModel_WithPageFactory\target\test-classes;C:\Users\ghorh\eclipse-workspace\PageObjectModel_WithPageFactory\target\classes;C:\Users\ghorh\.m2\repository\junit\junit\4.11\junit-4.11.jar;C:\Users\ghorh\.m2\repository\org\hamcrest\hamcrest-core\1.3\hamcrest-core-1.3.jar;C:\Users\ghorh\.m2\repository\org\apache\poi\poi\3.6\poi-3.6.jar;C:\Users\ghorh\.m2\repository\commons-logging\commons-logging\1.1\commons-logging-1.1.jar;C:\Users\ghorh\.m2\repository\logkit\logkit\1.0.1\logkit-1.0.1.jar;C:\Users\ghorh\.m2\repository\avalon-framework\avalon-framework\4.1.3\avalon-framework-4.1.3.jar;C:\Users\ghorh\.m2\repository\javax\servlet\servlet-api\2.3\servlet-api-2.3.jar;C:\Users\ghorh\.m2\repository\log4j\log4j\1.2.13\log4j-1.2.13.jar;C:\Users\ghorh\.m2\repository\org\apache\poi\poi-ooxml\3.6\poi-ooxml-3.6.jar;C:\Users\ghorh\.m2\repository\org\apache\poi\poi-ooxml-schemas\3.6\poi-ooxml-schemas-3.6.jar;C:\Users\ghorh\.m2\repository\org\apache\geronimo\specs\geronimo-stax-api_1.0_spec\1.0\geronimo-stax-api_1.0_spec-1.0.jar;C:\Users\ghorh\.m2\repository\dom4j\dom4j\1.1\dom4j-1.1.jar;C:\Users\ghorh\.m2\repository\org\apache\xmlbeans\xmlbeans\2.3.0\xmlbeans-2.3.0.jar;C:\Users\ghorh\.m2\repository\stax\stax-api\1.0.1\stax-api-1.0.1.jar;C:\Users\ghorh\.m2\repository\org\seleniumhq\selenium\selenium-java\2.53.0\selenium-java-2.53.0.jar;C:\Users\ghorh\.m2\repository\org\seleniumhq\selenium\selenium-chrome-driver\2.53.0\selenium-chrome-driver-2.53.0.jar;C:\Users\ghorh\.m2\repository\org\seleniumhq\selenium\selenium-remote-driver\2.53.0\selenium-remote-driver-2.53.0.jar;C:\Users\ghorh\.m2\repository\cglib\cglib-nodep\2.1_3\cglib-nodep-2.1_3.jar;C:\Users\ghorh\.m2\repository\org\seleniumhq\selenium\selenium-api\2.53.0\selenium-api-2.53.0.jar;C:\Users\ghorh\.m2\repository\org\seleniumhq\selenium\selenium-edge-driver\2.53.0\selenium-edge-driver-2.53.0.jar;C:\Users\ghorh\.m2\repository\commons-io\commons-io\2.4\commons-io-2.4.jar;C:\Users\ghorh\.m2\repository\org\apache\commons\commons-exec\1.3\commons-exec-1.3.jar;C:\Users\ghorh\.m2\repository\org\seleniumhq\selenium\selenium-firefox-driver\2.53.0\selenium-firefox-driver-2.53.0.jar;C:\Users\ghorh\.m2\repository\org\seleniumhq\selenium\selenium-ie-driver\2.53.0\selenium-ie-driver-2.53.0.jar;C:\Users\ghorh\.m2\repository\net\java\dev\jna\jna\4.1.0\jna-4.1.0.jar;C:\Users\ghorh\.m2\repository\net\java\dev\jna\jna-platform\4.1.0\jna-platform-4.1.0.jar;C:\Users\ghorh\.m2\repository\org\seleniumhq\selenium\selenium-safari-driver\2.53.0\selenium-safari-driver-2.53.0.jar;C:\Users\ghorh\.m2\repository\io\netty\netty\3.5.7.Final\netty-3.5.7.Final.jar;C:\Users\ghorh\.m2\repository\org\seleniumhq\selenium\selenium-support\2.53.0\selenium-support-2.53.0.jar;C:\Users\ghorh\.m2\repository\org\seleniumhq\selenium\selenium-leg-rc\2.53.0\selenium-leg-rc-2.53.0.jar;C:\Users\ghorh\.m2\repository\com\relevantcodes\extentreports\2.40.1\extentreports-2.40.1.jar;C:\Users\ghorh\.m2\repository\org\jsoup\jsoup\1.8.3\jsoup-1.8.3.jar;C:\Users\ghorh\.m2\repository\org\xerial\sqlite-jdbc\3.8.11.1\sqlite-jdbc-3.8.11.1.jar;C:\Users\ghorh\.m2\repository\org\freemarker\freemarker\2.3.23\freemarker-2.3.23.jar;C:\Users\ghorh\.m2\repository\org\testng\testng\6.9.6\testng-6.9.6.jar;C:\Users\ghorh\.m2\repository\com\google\inject\guice\4.0\guice-4.0-no_aop.jar;C:\Users\ghorh\.m2\repository\javax\inject\javax.inject\1\javax.inject-1.jar;C:\Users\ghorh\.m2\repository\aopalliance\aopalliance\1.0\aopalliance-1.0.jar;C:\Users\ghorh\.m2\repository\org\beanshell\bsh\2.0b4\bsh-2.0b4.jar;C:\Users\ghorh\.m2\repository\org\apache\ant\ant\1.7.0\ant-1.7.0.jar;C:\Users\ghorh\.m2\repository\org\apache\ant\ant-launcher\1.7.0\ant-launcher-1.7.0.jar;C:\Users\ghorh\.m2\repository\com\beust\jcommander\1.48\jcommander-1.48.jar;C:\Users\ghorh\.m2\repository\org\yaml\snakeyaml\1.15\snakeyaml-1.15.jar;C:\Users\ghorh\.m2\repository\io\appium\java-client\3.3.0\java-client-3.3.0.jar;C:\Users\ghorh\.m2\repository\com\google\code\gson\gson\2.2.4\gson-2.2.4.jar;C:\Users\ghorh\.m2\repository\org\apache\httpcomponents\httpclient\4.3.3\httpclient-4.3.3.jar;C:\Users\ghorh\.m2\repository\org\apache\httpcomponents\httpcore\4.3.2\httpcore-4.3.2.jar;C:\Users\ghorh\.m2\repository\commons-codec\commons-codec\1.6\commons-codec-1.6.jar;C:\Users\ghorh\.m2\repository\com\google\guava\guava\17.0\guava-17.0.jar;C:\Users\ghorh\.m2\repository\cglib\cglib\3.1\cglib-3.1.jar;C:\Users\ghorh\.m2\repository\org\ow2\asm\asm\4.2\asm-4.2.jar;C:\Users\ghorh\.m2\repository\commons-validator\commons-validator\1.4.1\commons-validator-1.4.1.jar;C:\Users\ghorh\.m2\repository\commons-beanutils\commons-beanutils\1.8.3\commons-beanutils-1.8.3.jar;C:\Users\ghorh\.m2\repository\commons-digester\commons-digester\1.8.1\commons-digester-1.8.1.jar;C:\Users\ghorh\.m2\repository\commons-collections\commons-collections\3.2.1\commons-collections-3.2.1.jar;C:\Users\ghorh\.m2\repository\javax\mail\mail\1.4\mail-1.4.jar;C:\Users\ghorh\.m2\repository\javax\activation\activation\1.1\activation-1.1.jar;"/>
    <property name="sun.cpu.endian" value="little"/>
    <property name="user.home" value="C:\Users\ghorh"/>
    <property name="user.language" value="en"/>
    <property name="java.specification.vendor" value="Oracle Corporation"/>
    <property name="java.home" value="C:\Program Files\Java\jdk1.8.0_202\jre"/>
    <property name="basedir" value="C:\Users\ghorh\eclipse-workspace\PageObjectModel_WithPageFactory"/>
    <property name="file.separator" value="\"/>
    <property name="line.separator" value="&#10;"/>
    <property name="java.vm.specification.vendor" value="Oracle Corporation"/>
    <property name="java.specification.name" value="Java Platform API Specification"/>
    <property name="java.awt.graphicsenv" value="sun.awt.Win32GraphicsEnvironment"/>
    <property name="surefire.real.class.path" value="C:\Users\ghorh\AppData\Local\Temp\surefire6129482298360598257\surefirebooter6268186135349794456.jar"/>
    <property name="sun.boot.class.path" value="C:\Program Files\Java\jdk1.8.0_202\jre\lib\resources.jar;C:\Program Files\Java\jdk1.8.0_202\jre\lib\rt.jar;C:\Program Files\Java\jdk1.8.0_202\jre\lib\sunrsasign.jar;C:\Program Files\Java\jdk1.8.0_202\jre\lib\jsse.jar;C:\Program Files\Java\jdk1.8.0_202\jre\lib\jce.jar;C:\Program Files\Java\jdk1.8.0_202\jre\lib\charsets.jar;C:\Program Files\Java\jdk1.8.0_202\jre\lib\jfr.jar;C:\Program Files\Java\jdk1.8.0_202\jre\classes"/>
    <property name="user.script" value=""/>
    <property name="sun.management.compiler" value="HotSpot 64-Bit Tiered Compilers"/>
    <property name="java.runtime.version" value="1.8.0_202-b08"/>
    <property name="user.name" value="ghorh"/>
    <property name="path.separator" value=";"/>
    <property name="os.version" value="10.0"/>
    <property name="java.endorsed.dirs" value="C:\Program Files\Java\jdk1.8.0_202\jre\lib\endorsed"/>
    <property name="java.runtime.name" value="Java(TM) SE Runtime Environment"/>
    <property name="file.encoding" value="Cp1252"/>
    <property name="java.vm.name" value="Java HotSpot(TM) 64-Bit Server VM"/>
    <property name="localRepository" value="C:\Users\ghorh\.m2\repository"/>
    <property name="java.vendor.url.bug" value="http://bugreport.sun.com/bugreport/"/>
    <property name="java.io.tmpdir" value="C:\Users\ghorh\AppData\Local\Temp\"/>
    <property name="java.version" value="1.8.0_202"/>
    <property name="user.dir" value="C:\Users\ghorh\eclipse-workspace\PageObjectModel_WithPageFactory"/>
    <property name="os.arch" value="amd64"/>
    <property name="java.vm.specification.name" value="Java Virtual Machine Specification"/>
    <property name="java.awt.printerjob" value="sun.awt.windows.WPrinterJob"/>
    <property name="sun.os.patch.level" value=""/>
    <property name="java.library.path" value="C:\Program Files\Java\jdk1.8.0_202\jre\bin;C:\WINDOWS\Sun\Java\bin;C:\WINDOWS\system32;C:\WINDOWS;C:\WINDOWS\system32;C:\WINDOWS;C:\WINDOWS\System32\Wbem;C:\WINDOWS\System32\WindowsPowerShell\v1.0\;C:\Program Files (x86)\Sennheiser\SoftphoneSDK\;C:\Program Files\Java\jdk1.8.0_202\bin;C:\Program Files\PostgreSQL\9.6\bin;C:\Program Files\Java\jre1.8.0_151\bin\server;C:\WINDOWS\System32\OpenSSH\;C:\Users\ghorh\Documents\Drivers;C:\Program Files\Java\jdk1.8.0_202\bin;C:\Users\ghorh\Documents\8.3\apache-ant-1.10.5-bin\apache-ant-1.10.5\bin;C:\Program Files (x86)\Intel\Intel(R) Management Engine Components\DAL;C:\Program Files\Intel\Intel(R) Management Engine Components\DAL;C:\Users\ghorh\Documents\selenium-bazinga\apache-maven-3.6.1-bin\apache-maven-3.6.1\bin;C:\Program Files\Intel\WiFi\bin\;C:\Program Files\Common Files\Intel\WirelessCommon\;C:\Users\ghorh\Documents\selenium-bazinga\Drivers;C:\Program Files (x86)\PuTTY\;C:\Program Files\Microsoft SQL Server\130\Tools\Binn\;C:\Program Files\Microsoft SQL Server\Client SDK\ODBC\170\Tools\Binn\;C:\Program Files\TortoiseSVN\bin;C:\Program Files\dotnet\;C:\Program Files (x86)\Microsoft SQL Server\150\DTS\Binn\;C:\Program Files\nodejs\;C:\Program Files\Git\cmd;C:\Users\ghorh\AppData\Local\Microsoft\WindowsApps;C:\Users\ghorh\AppData\Roaming\npm;C:\Users\ghorh\AppData\Local\Programs\Fiddler;C:\Users\ghorh\AppData\Local\Microsoft\WindowsApps;C:\Python27;."/>
    <property name="java.vm.info" value="mixed mode"/>
    <property name="java.vendor" value="Oracle Corporation"/>
    <property name="java.vm.version" value="25.202-b08"/>
    <property name="java.ext.dirs" value="C:\Program Files\Java\jdk1.8.0_202\jre\lib\ext;C:\WINDOWS\Sun\Java\lib\ext"/>
    <property name="sun.io.unicode.encoding" value="UnicodeLittle"/>
    <property name="java.class.version" value="52.0"/>
  </properties>
  <testcase name="ChangePassword" classname="com.facebook.pagefactory.testcases.ChangePasswordTest" time="0.021">
    <failure type="java.lang.NullPointerException">java.lang.NullPointerException
	at com.facebook.pagefactory.testcases.ChangePasswordTest.ChangePassword(ChangePasswordTest.java:28)
</failure>
    <system-out><![CDATA[test start row number ->6
number of rows ->1
number of cols ->6
number of rows in test cases sheet4
]]></system-out>
  </testcase>
  <testcase name="quit" classname="com.facebook.pagefactory.testcases.ChangePasswordTest" time="0.022">
    <failure type="java.lang.NullPointerException">java.lang.NullPointerException
	at com.facebook.pagefactory.testcases.ChangePasswordTest.quit(ChangePasswordTest.java:62)
</failure>
  </testcase>
  <testcase name="doLogin" classname="com.facebook.pagefactory.testcases.LoginTest" time="31.364"/>
  <testcase name="doLogin" classname="com.facebook.pagefactory.testcases.LoginTest" time="0">
    <skipped message="skipping the test"/>
    <system-out><![CDATA[number of rows in test cases sheet4
]]></system-out>
  </testcase>
  <testcase name="testProfile" classname="com.facebook.pagefactory.testcases.ProfileTest" time="0">
    <skipped message="&#10;Method testProfile requires 1 parameters but 0 were supplied in the @Test annotation."/>
  </testcase>
</testsuite>