<?xml version="1.0" encoding="UTF-8"?>
<!-- Generated by org.testng.reporters.JUnitReportReporter -->
<testsuite hostname="L34481WIN" name="com.masti.apiautomation.API_Automation.getResponseCode" tests="2" failures="0" timestamp="5 May 2020 08:07:41 GMT" time="4.899" errors="0">
  <testcase name="testBody" time="3.830" classname="com.masti.apiautomation.API_Automation.getResponseCode"/>
  <testcase name="testResponseCode" time="1.069" classname="com.masti.apiautomation.API_Automation.getResponseCode"/>
</testsuite> <!-- com.masti.apiautomation.API_Automation.getResponseCode -->
