<?xml version="1.0" encoding="UTF-8"?>
<!-- Generated by org.testng.reporters.JUnitReportReporter -->
<testsuite hostname="L34481WIN" name="com.masti.apiautomation.API_Automation.TestRestApi" tests="1" failures="0" timestamp="13 Apr 2020 08:45:37 GMT" time="4.521" errors="0">
  <testcase name="testReponse" time="4.521" classname="com.masti.apiautomation.API_Automation.TestRestApi"/>
</testsuite> <!-- com.masti.apiautomation.API_Automation.TestRestApi -->
