<?xml version="1.0" encoding="UTF-8"?>
<!-- Generated by org.testng.reporters.JUnitReportReporter -->
<testsuite hostname="L34481WIN" name="com.masti.apiautomation.API_Automation.PostNew" tests="1" failures="0" timestamp="18 Apr 2020 15:14:31 GMT" time="2.704" errors="0">
  <testcase name="postsomething" time="2.704" classname="com.masti.apiautomation.API_Automation.PostNew"/>
</testsuite> <!-- com.masti.apiautomation.API_Automation.PostNew -->
