<?xml version="1.0" encoding="UTF-8"?>
<!-- Generated by org.testng.reporters.JUnitReportReporter -->
<testsuite hostname="L34481WIN" name="com.masti.apiautomation.API_Automation.EmployeesList" tests="1" failures="0" timestamp="13 Apr 2020 14:50:41 GMT" time="6.279" errors="0">
  <testcase name="getEmployeesList" time="6.279" classname="com.masti.apiautomation.API_Automation.EmployeesList"/>
</testsuite> <!-- com.masti.apiautomation.API_Automation.EmployeesList -->
