<?xml version="1.0" encoding="UTF-8"?>
<!-- Generated by org.testng.reporters.JUnitReportReporter -->
<testsuite hostname="L34481WIN" name="com.masti.apiautomation.API_Automation.pegaautoapi" tests="1" failures="0" timestamp="18 Apr 2020 12:26:52 GMT" time="3.835" errors="0">
  <testcase name="api_automation" time="3.835" classname="com.masti.apiautomation.API_Automation.pegaautoapi"/>
</testsuite> <!-- com.masti.apiautomation.API_Automation.pegaautoapi -->
