<?xml version="1.0" encoding="UTF-8"?>
<!-- Generated by org.testng.reporters.JUnitReportReporter -->
<testsuite hostname="L34481WIN" name="com.masti.apiautomation.API_Automation.PutRequest" tests="1" failures="0" timestamp="18 Apr 2020 14:13:47 GMT" time="2.837" errors="0">
  <testcase name="test1" time="2.837" classname="com.masti.apiautomation.API_Automation.PutRequest"/>
</testsuite> <!-- com.masti.apiautomation.API_Automation.PutRequest -->
