<?xml version="1.0" encoding="UTF-8"?>
<!-- Generated by org.testng.reporters.JUnitReportReporter -->
<testsuite hostname="L34481WIN" name="com.masti.apiautomation.API_Automation.ParseRespo" tests="1" failures="0" timestamp="26 Apr 2020 12:05:09 GMT" time="3.178" errors="0">
  <testcase name="parseResponse" time="3.178" classname="com.masti.apiautomation.API_Automation.ParseRespo"/>
</testsuite> <!-- com.masti.apiautomation.API_Automation.ParseRespo -->
